[debug] [2024-11-21T08:35:54.436Z] ----------------------------------------------------------------------
[debug] [2024-11-21T08:35:54.438Z] Command:       /Users/francofraiese/.nvm/versions/node/v22.4.1/bin/node /Users/francofraiese/.nvm/versions/node/v22.4.1/bin/firebase init hosting
[debug] [2024-11-21T08:35:54.438Z] CLI Version:   13.25.0
[debug] [2024-11-21T08:35:54.438Z] Platform:      darwin
[debug] [2024-11-21T08:35:54.438Z] Node Version:  v22.4.1
[debug] [2024-11-21T08:35:54.438Z] Time:          Thu Nov 21 2024 05:35:54 GMT-0300 (hora estándar de Argentina)
[debug] [2024-11-21T08:35:54.438Z] ----------------------------------------------------------------------
[debug] 
[debug] [2024-11-21T08:35:54.469Z] > command requires scopes: ["email","openid","https://www.googleapis.com/auth/cloudplatformprojects.readonly","https://www.googleapis.com/auth/firebase","https://www.googleapis.com/auth/cloud-platform"]
[debug] [2024-11-21T08:35:54.469Z] > authorizing via signed-in user (atlanticlabsmain@gmail.com)
[info] 
     ######## #### ########  ######## ########     ###     ######  ########
     ##        ##  ##     ## ##       ##     ##  ##   ##  ##       ##
     ######    ##  ########  ######   ########  #########  ######  ######
     ##        ##  ##    ##  ##       ##     ## ##     ##       ## ##
     ##       #### ##     ## ######## ########  ##     ##  ######  ########

You're about to initialize a Firebase project in this directory:

  /Users/francofraiese/Desktop/Atlantic Labs/atlantic-landing/atlantic-landing

Before we get started, keep in mind:

  * You are initializing within an existing Firebase project directory

[info] 
=== Project Setup
[info] 
[info] First, let's associate this project directory with a Firebase project.
[info] You can create multiple project aliases by running firebase use --add, 
[info] but for now we'll just set up a default project.
[info] 
[debug] [2024-11-21T08:35:54.471Z] Using project from CLI flag: atlantic-labs-landing
[debug] [2024-11-21T08:35:54.471Z] Checked if tokens are valid: false, expires at: 1731975434948
[debug] [2024-11-21T08:35:54.471Z] Checked if tokens are valid: false, expires at: 1731975434948
[debug] [2024-11-21T08:35:54.471Z] > refreshing access token with scopes: []
[debug] [2024-11-21T08:35:54.472Z] >>> [apiv2][query] POST https://www.googleapis.com/oauth2/v3/token [none]
[debug] [2024-11-21T08:35:54.472Z] >>> [apiv2][body] POST https://www.googleapis.com/oauth2/v3/token [omitted]
[debug] [2024-11-21T08:35:54.664Z] <<< [apiv2][status] POST https://www.googleapis.com/oauth2/v3/token 200
[debug] [2024-11-21T08:35:54.664Z] <<< [apiv2][body] POST https://www.googleapis.com/oauth2/v3/token [omitted]
[debug] [2024-11-21T08:35:54.675Z] >>> [apiv2][query] GET https://firebase.googleapis.com/v1beta1/projects/atlantic-labs-landing [none]
[debug] [2024-11-21T08:35:55.213Z] <<< [apiv2][status] GET https://firebase.googleapis.com/v1beta1/projects/atlantic-labs-landing 200
[debug] [2024-11-21T08:35:55.213Z] <<< [apiv2][body] GET https://firebase.googleapis.com/v1beta1/projects/atlantic-labs-landing {"projectId":"atlantic-labs-landing","projectNumber":"119752807099","displayName":"Atlantic-labs-landing","name":"projects/atlantic-labs-landing","resources":{"hostingSite":"atlantic-labs-landing"},"state":"ACTIVE","etag":"1_50cef599-a2ce-435b-bef6-909b046b5417"}
[info] i  Using project atlantic-labs-landing (Atlantic-labs-landing) 
[info] 
=== Hosting Setup
[debug] [2024-11-21T08:35:55.221Z] Checked if tokens are valid: true, expires at: 1732181753664
[debug] [2024-11-21T08:35:55.221Z] Checked if tokens are valid: true, expires at: 1732181753664
[debug] [2024-11-21T08:35:55.221Z] >>> [apiv2][query] GET https://firebase.googleapis.com/v1beta1/projects/atlantic-labs-landing [none]
[debug] [2024-11-21T08:35:55.622Z] <<< [apiv2][status] GET https://firebase.googleapis.com/v1beta1/projects/atlantic-labs-landing 200
[debug] [2024-11-21T08:35:55.622Z] <<< [apiv2][body] GET https://firebase.googleapis.com/v1beta1/projects/atlantic-labs-landing {"projectId":"atlantic-labs-landing","projectNumber":"119752807099","displayName":"Atlantic-labs-landing","name":"projects/atlantic-labs-landing","resources":{"hostingSite":"atlantic-labs-landing"},"state":"ACTIVE","etag":"1_50cef599-a2ce-435b-bef6-909b046b5417"}
